Storm-DyFTeE 1.0.0

Command line arguments: -dft motorbike.dft -mttf
Current working directory: ~/storm/build/bin

Loading DFT from file motorbike.dft
--------------------------------------------------------------
Model type: 	CTMC (sparse)
States: 	10
Transitions: 	15
Reward Models:  none
Labels: 	2
   * init -> 1 state(s)
   * failed -> 6 state(s)
choice labels: 	no
--------------------------------------------------------------
Model checking property T[exp]min=? [F "failed"] ...
Result (initial states): 1.606060606
Time for model checking: 0.000s.
Times:
Exploration:	0.001s
Building:	0.000s
Bisimulation:	0.000s
Modelchecking:	0.000s
Total:		0.002s
Result: [1.606060606]
