./storm-pars  --mode feasibility --feasibility:method pla --prism brp.pm  --prop 'P=? [F s=5]' --direction min --region "0.1 <= pL <= 0.9, 0.1 <= pK <= 0.9" --guarantee 0.0001 abs
Storm-pars 1.8.2 (dev)

Date: Sun Nov 12 2023
Command line arguments: --mode feasibility '--feasibility:method' pla --prism brp.pm --prop 'P=? [F s=5]' --direction min --region '0.1 <= pL <= 0.9, 0.1 <= pK <= 0.9' --guarantee 0.0001 abs
Current working directory: ~/storm/build/bin

Time for model input parsing: 0.011s.

Time for model construction: 0.065s.

--------------------------------------------------------------
Model type: 	DTMC (sparse)
States: 	135
Transitions: 	175
Reward Models:  none
State Labels: 	3 labels
   * deadlock -> 5 item(s)
   * init -> 1 item(s)
   * (s = 5) -> 4 item(s)
Choice Labels: 	none
--------------------------------------------------------------

Time for model simplification: 0.005s.

--------------------------------------------------------------
Model type: 	DTMC (sparse)
States: 	43
Transitions: 	83
Reward Models:  none
State Labels: 	4 labels
   * target -> 1 item(s)
   * init -> 1 item(s)
   * deadlock -> 1 item(s)
   * (s = 5) -> 1 item(s)
Choice Labels: 	none
--------------------------------------------------------------

Time for model preprocessing: 0.005s.

--------------------------------------------------------------
Model type: 	DTMC (sparse)
States: 	43
Transitions: 	83
Reward Models:  none
State Labels: 	4 labels
   * target -> 1 item(s)
   * init -> 1 item(s)
   * deadlock -> 1 item(s)
   * (s = 5) -> 1 item(s)
Choice Labels: 	none
--------------------------------------------------------------
Find feasible solution for  P=? [F (s = 5)] within region 1/10<=pK<=9/10,1/10<=pL<=9/10;
Result at initial state: 5282881788238101/9223372036854775808 ( approx. 0.0005727711912) at [pK=287/320, pL=287/320].
Time for model checking: 0.008s.
